[0m17:39:15.464314 [debug] [MainThread]: Sending event: {'category': 'dbt', 'action': 'invocation', 'label': 'start', 'context': [<snowplow_tracker.self_describing_json.SelfDescribingJson object at 0x000002D00736BA00>, <snowplow_tracker.self_describing_json.SelfDescribingJson object at 0x000002D009DBFBB0>, <snowplow_tracker.self_describing_json.SelfDescribingJson object at 0x000002D009DBFE80>]}


============================== 17:39:15.467316 | 183f478c-219c-487e-81a0-e1234ffbfacb ==============================
[0m17:39:15.467316 [info ] [MainThread]: Running with dbt=1.8.7
[0m17:39:15.468317 [debug] [MainThread]: running dbt with arguments {'printer_width': '80', 'indirect_selection': 'eager', 'log_cache_events': 'False', 'write_json': 'True', 'partial_parse': 'True', 'cache_selected_only': 'False', 'warn_error': 'None', 'fail_fast': 'False', 'version_check': 'True', 'log_path': 'logs', 'profiles_dir': 'C:\\Users\\jrtin\\.dbt', 'debug': 'False', 'use_colors': 'True', 'use_experimental_parser': 'False', 'no_print': 'None', 'quiet': 'False', 'empty': 'None', 'warn_error_options': 'WarnErrorOptions(include=[], exclude=[])', 'introspect': 'True', 'log_format': 'default', 'invocation_command': 'dbt init jaffle_shop', 'target_path': 'None', 'static_parser': 'True', 'send_anonymous_usage_stats': 'True'}
[0m17:39:15.484332 [warn ] [MainThread]: [ConfigFolderDirectory]: Unable to parse dict {'dir': WindowsPath('C:/Users/jrtin/.dbt')}
[0m17:39:15.485333 [info ] [MainThread]: Creating dbt configuration folder at 
[0m17:39:15.488335 [debug] [MainThread]: Starter project path: C:\Users\jrtin\Documents\DataEngineering\sde_de101_jonathan_tindale\5-dbt project\myenv\lib\site-packages\dbt\include\starter_project
[0m17:39:15.532375 [info ] [MainThread]: 
Your new dbt project "jaffle_shop" was created!

For more information on how to configure the profiles.yml file,
please consult the dbt documentation here:

  https://docs.getdbt.com/docs/configure-your-profile

One more thing:

Need help? Don't hesitate to reach out to us via GitHub issues or on Slack:

  https://community.getdbt.com/

Happy modeling!

[0m17:39:15.533376 [info ] [MainThread]: Setting up your profile.
[0m17:44:17.069278 [info ] [MainThread]: Profile jaffle_shop written to C:\Users\jrtin\.dbt\profiles.yml using target's sample configuration. Once updated, you'll be able to start developing with dbt.
[0m17:44:17.070279 [debug] [MainThread]: Command `dbt init` succeeded at 17:44:17.070279 after 301.67 seconds
[0m17:44:17.071280 [debug] [MainThread]: Sending event: {'category': 'dbt', 'action': 'invocation', 'label': 'end', 'context': [<snowplow_tracker.self_describing_json.SelfDescribingJson object at 0x000002D00736BA00>, <snowplow_tracker.self_describing_json.SelfDescribingJson object at 0x000002D009DBFF10>, <snowplow_tracker.self_describing_json.SelfDescribingJson object at 0x000002D009DBF7F0>]}
[0m17:44:17.071280 [debug] [MainThread]: Flushing usage events
[0m17:45:58.806259 [debug] [MainThread]: Sending event: {'category': 'dbt', 'action': 'invocation', 'label': 'start', 'context': [<snowplow_tracker.self_describing_json.SelfDescribingJson object at 0x0000021F09BBF9D0>, <snowplow_tracker.self_describing_json.SelfDescribingJson object at 0x0000021F0C617B50>, <snowplow_tracker.self_describing_json.SelfDescribingJson object at 0x0000021F0C617E50>]}


============================== 17:45:58.809261 | 3e56dd4e-8afa-47f4-b37a-bb9b4dbcdc2b ==============================
[0m17:45:58.809261 [info ] [MainThread]: Running with dbt=1.8.7
[0m17:45:58.810262 [debug] [MainThread]: running dbt with arguments {'printer_width': '80', 'indirect_selection': 'eager', 'write_json': 'True', 'log_cache_events': 'False', 'partial_parse': 'True', 'cache_selected_only': 'False', 'profiles_dir': 'C:\\Users\\jrtin\\.dbt', 'version_check': 'True', 'fail_fast': 'False', 'log_path': 'logs', 'debug': 'False', 'warn_error': 'None', 'use_colors': 'True', 'use_experimental_parser': 'False', 'empty': 'None', 'quiet': 'False', 'no_print': 'None', 'warn_error_options': 'WarnErrorOptions(include=[], exclude=[])', 'static_parser': 'True', 'introspect': 'True', 'invocation_command': 'dbt debug', 'target_path': 'None', 'log_format': 'default', 'send_anonymous_usage_stats': 'True'}
[0m17:45:58.826278 [info ] [MainThread]: dbt version: 1.8.7
[0m17:45:58.827278 [info ] [MainThread]: python version: 3.10.3
[0m17:45:58.827278 [info ] [MainThread]: python path: C:\Users\jrtin\Documents\DataEngineering\sde_de101_jonathan_tindale\5-dbt project\myenv\Scripts\python.exe
[0m17:45:58.828279 [info ] [MainThread]: os info: Windows-10-10.0.19045-SP0
[0m17:45:58.914357 [info ] [MainThread]: Using profiles dir at C:\Users\jrtin\.dbt
[0m17:45:58.915357 [info ] [MainThread]: Using profiles.yml file at C:\Users\jrtin\.dbt\profiles.yml
[0m17:45:58.915357 [info ] [MainThread]: Using dbt_project.yml file at C:\Users\jrtin\Documents\DataEngineering\sde_de101_jonathan_tindale\5-dbt project\myenv\dbt_project.yml
[0m17:45:58.919361 [info ] [MainThread]: adapter type: duckdb
[0m17:45:58.920362 [info ] [MainThread]: adapter version: 1.9.0
[0m17:45:58.920362 [info ] [MainThread]: Configuration:
[0m17:45:58.921363 [info ] [MainThread]:   profiles.yml file [[32mOK found and valid[0m]
[0m17:45:58.921363 [info ] [MainThread]:   dbt_project.yml file [[31mERROR not found[0m]
[0m17:45:58.922365 [info ] [MainThread]: Required dependencies:
[0m17:45:58.922365 [debug] [MainThread]: Executing "git --help"
[0m17:45:58.955395 [debug] [MainThread]: STDOUT: "b"usage: git [--version] [--help] [-C <path>] [-c <name>=<value>]\n           [--exec-path[=<path>]] [--html-path] [--man-path] [--info-path]\n           [-p | --paginate | -P | --no-pager] [--no-replace-objects] [--bare]\n           [--git-dir=<path>] [--work-tree=<path>] [--namespace=<name>]\n           [--super-prefix=<path>] [--config-env=<name>=<envvar>]\n           <command> [<args>]\n\nThese are common Git commands used in various situations:\n\nstart a working area (see also: git help tutorial)\n   clone     Clone a repository into a new directory\n   init      Create an empty Git repository or reinitialize an existing one\n\nwork on the current change (see also: git help everyday)\n   add       Add file contents to the index\n   mv        Move or rename a file, a directory, or a symlink\n   restore   Restore working tree files\n   rm        Remove files from the working tree and from the index\n\nexamine the history and state (see also: git help revisions)\n   bisect    Use binary search to find the commit that introduced a bug\n   diff      Show changes between commits, commit and working tree, etc\n   grep      Print lines matching a pattern\n   log       Show commit logs\n   show      Show various types of objects\n   status    Show the working tree status\n\ngrow, mark and tweak your common history\n   branch    List, create, or delete branches\n   commit    Record changes to the repository\n   merge     Join two or more development histories together\n   rebase    Reapply commits on top of another base tip\n   reset     Reset current HEAD to the specified state\n   switch    Switch branches\n   tag       Create, list, delete or verify a tag object signed with GPG\n\ncollaborate (see also: git help workflows)\n   fetch     Download objects and refs from another repository\n   pull      Fetch from and integrate with another repository or a local branch\n   push      Update remote refs along with associated objects\n\n'git help -a' and 'git help -g' list available subcommands and some\nconcept guides. See 'git help <command>' or 'git help <concept>'\nto read about a specific subcommand or concept.\nSee 'git help git' for an overview of the system.\n""
[0m17:45:58.955395 [debug] [MainThread]: STDERR: "b''"
[0m17:45:58.956396 [info ] [MainThread]:  - git [[32mOK found[0m]

[0m17:45:58.956396 [info ] [MainThread]: Connection:
[0m17:45:58.957396 [info ] [MainThread]:   database: dev
[0m17:45:58.958397 [info ] [MainThread]:   schema: main
[0m17:45:58.958397 [info ] [MainThread]:   path: dev.duckdb
[0m17:45:58.958397 [info ] [MainThread]:   config_options: None
[0m17:45:58.959398 [info ] [MainThread]:   extensions: None
[0m17:45:58.959398 [info ] [MainThread]:   settings: {}
[0m17:45:58.960399 [info ] [MainThread]:   external_root: .
[0m17:45:58.960399 [info ] [MainThread]:   use_credential_provider: None
[0m17:45:58.961400 [info ] [MainThread]:   attach: None
[0m17:45:58.961400 [info ] [MainThread]:   filesystems: None
[0m17:45:58.962401 [info ] [MainThread]:   remote: None
[0m17:45:58.963402 [info ] [MainThread]:   plugins: None
[0m17:45:58.963402 [info ] [MainThread]:   disable_transactions: False
[0m17:45:58.964403 [info ] [MainThread]: Registered adapter: duckdb=1.9.0
[0m17:45:58.964403 [debug] [MainThread]: Acquiring new duckdb connection 'debug'
[0m17:46:00.243565 [debug] [MainThread]: Using duckdb connection "debug"
[0m17:46:00.244565 [debug] [MainThread]: On debug: select 1 as id
[0m17:46:00.244565 [debug] [MainThread]: Opening a new connection, currently in state init
[0m17:46:00.254574 [debug] [MainThread]: SQL status: OK in 0.010 seconds
[0m17:46:00.255576 [debug] [MainThread]: On debug: Close
[0m17:46:00.257577 [info ] [MainThread]:   Connection test: [[32mOK connection ok[0m]

[0m17:46:00.257577 [info ] [MainThread]: [31m1 check failed:[0m
[0m17:46:00.258578 [info ] [MainThread]: Project loading failed for the following reason:
 project path <C:\Users\jrtin\Documents\DataEngineering\sde_de101_jonathan_tindale\5-dbt project\myenv\dbt_project.yml> not found

[0m17:46:00.259579 [debug] [MainThread]: Command `dbt debug` failed at 17:46:00.259579 after 1.52 seconds
[0m17:46:00.260580 [debug] [MainThread]: Connection 'debug' was properly closed.
[0m17:46:00.260580 [debug] [MainThread]: Sending event: {'category': 'dbt', 'action': 'invocation', 'label': 'end', 'context': [<snowplow_tracker.self_describing_json.SelfDescribingJson object at 0x0000021F09BBF9D0>, <snowplow_tracker.self_describing_json.SelfDescribingJson object at 0x0000021F09951D50>, <snowplow_tracker.self_describing_json.SelfDescribingJson object at 0x0000021F09952B60>]}
[0m17:46:00.261581 [debug] [MainThread]: Flushing usage events
